[2025-10-04T17:13:22.226+0000] {local_task_job_runner.py:120} INFO - ::group::Pre task execution logs
[2025-10-04T17:13:22.239+0000] {taskinstance.py:2073} INFO - Dependencies all met for dep_context=non-requeueable deps ti=<TaskInstance: retail_mlops_data_pipeline.create_data_directory manual__2025-10-04T16:56:50.000373+00:00 [queued]>
[2025-10-04T17:13:22.244+0000] {taskinstance.py:2073} INFO - Dependencies all met for dep_context=requeueable deps ti=<TaskInstance: retail_mlops_data_pipeline.create_data_directory manual__2025-10-04T16:56:50.000373+00:00 [queued]>
[2025-10-04T17:13:22.245+0000] {taskinstance.py:2303} INFO - Starting attempt 3 of 4
[2025-10-04T17:13:22.261+0000] {taskinstance.py:2327} INFO - Executing <Task(BashOperator): create_data_directory> on 2025-10-04 16:56:50.000373+00:00
[2025-10-04T17:13:22.268+0000] {standard_task_runner.py:63} INFO - Started process 12280 to run task
[2025-10-04T17:13:22.271+0000] {standard_task_runner.py:90} INFO - Running: ['airflow', 'tasks', 'run', 'retail_mlops_data_pipeline', 'create_data_directory', 'manual__2025-10-04T16:56:50.000373+00:00', '--job-id', '36', '--raw', '--subdir', 'DAGS_FOLDER/retail_mlops_data_pipeline.py', '--cfg-path', '/tmp/tmpahst2sep']
[2025-10-04T17:13:22.272+0000] {standard_task_runner.py:91} INFO - Job 36: Subtask create_data_directory
[2025-10-04T17:13:22.312+0000] {task_command.py:426} INFO - Running <TaskInstance: retail_mlops_data_pipeline.create_data_directory manual__2025-10-04T16:56:50.000373+00:00 [running]> on host ip-172-31-17-35.ec2.internal
[2025-10-04T17:13:22.380+0000] {taskinstance.py:2644} INFO - Exporting env vars: AIRFLOW_CTX_DAG_OWNER='airflow' AIRFLOW_CTX_DAG_ID='retail_mlops_data_pipeline' AIRFLOW_CTX_TASK_ID='create_data_directory' AIRFLOW_CTX_EXECUTION_DATE='2025-10-04T16:56:50.000373+00:00' AIRFLOW_CTX_TRY_NUMBER='3' AIRFLOW_CTX_DAG_RUN_ID='manual__2025-10-04T16:56:50.000373+00:00'
[2025-10-04T17:13:22.381+0000] {taskinstance.py:430} INFO - ::endgroup::
[2025-10-04T17:13:22.392+0000] {subprocess.py:63} INFO - Tmp dir root location: /tmp
[2025-10-04T17:13:22.392+0000] {subprocess.py:75} INFO - Running command: ['/usr/bin/bash', '-c', 'mkdir -p /root/airflow/data']
[2025-10-04T17:13:22.405+0000] {subprocess.py:86} INFO - Output:
[2025-10-04T17:13:22.407+0000] {subprocess.py:97} INFO - Command exited with return code 0
[2025-10-04T17:13:22.407+0000] {taskinstance.py:441} INFO - ::group::Post task execution logs
[2025-10-04T17:13:22.430+0000] {taskinstance.py:1205} INFO - Marking task as SUCCESS. dag_id=retail_mlops_data_pipeline, task_id=create_data_directory, execution_date=20251004T165650, start_date=20251004T171322, end_date=20251004T171322
[2025-10-04T17:13:22.484+0000] {local_task_job_runner.py:240} INFO - Task exited with return code 0
[2025-10-04T17:13:22.505+0000] {taskinstance.py:3482} INFO - 1 downstream tasks scheduled from follow-on schedule check
[2025-10-04T17:13:22.513+0000] {local_task_job_runner.py:222} INFO - ::endgroup::
