[2025-10-04T17:03:52.180+0000] {local_task_job_runner.py:120} INFO - ::group::Pre task execution logs
[2025-10-04T17:03:52.193+0000] {taskinstance.py:2073} INFO - Dependencies all met for dep_context=non-requeueable deps ti=<TaskInstance: retail_mlops_data_pipeline.create_data_directory manual__2025-10-04T16:56:50.000373+00:00 [queued]>
[2025-10-04T17:03:52.198+0000] {taskinstance.py:2073} INFO - Dependencies all met for dep_context=requeueable deps ti=<TaskInstance: retail_mlops_data_pipeline.create_data_directory manual__2025-10-04T16:56:50.000373+00:00 [queued]>
[2025-10-04T17:03:52.198+0000] {taskinstance.py:2303} INFO - Starting attempt 2 of 3
[2025-10-04T17:03:52.213+0000] {taskinstance.py:2327} INFO - Executing <Task(BashOperator): create_data_directory> on 2025-10-04 16:56:50.000373+00:00
[2025-10-04T17:03:52.220+0000] {standard_task_runner.py:63} INFO - Started process 11820 to run task
[2025-10-04T17:03:52.222+0000] {standard_task_runner.py:90} INFO - Running: ['airflow', 'tasks', 'run', 'retail_mlops_data_pipeline', 'create_data_directory', 'manual__2025-10-04T16:56:50.000373+00:00', '--job-id', '29', '--raw', '--subdir', 'DAGS_FOLDER/retail_mlops_data_pipeline.py', '--cfg-path', '/tmp/tmp4i0nn18m']
[2025-10-04T17:03:52.224+0000] {standard_task_runner.py:91} INFO - Job 29: Subtask create_data_directory
[2025-10-04T17:03:52.261+0000] {task_command.py:426} INFO - Running <TaskInstance: retail_mlops_data_pipeline.create_data_directory manual__2025-10-04T16:56:50.000373+00:00 [running]> on host ip-172-31-17-35.ec2.internal
[2025-10-04T17:03:52.327+0000] {taskinstance.py:2644} INFO - Exporting env vars: AIRFLOW_CTX_DAG_OWNER='airflow' AIRFLOW_CTX_DAG_ID='retail_mlops_data_pipeline' AIRFLOW_CTX_TASK_ID='create_data_directory' AIRFLOW_CTX_EXECUTION_DATE='2025-10-04T16:56:50.000373+00:00' AIRFLOW_CTX_TRY_NUMBER='2' AIRFLOW_CTX_DAG_RUN_ID='manual__2025-10-04T16:56:50.000373+00:00'
[2025-10-04T17:03:52.328+0000] {taskinstance.py:430} INFO - ::endgroup::
[2025-10-04T17:03:52.339+0000] {subprocess.py:63} INFO - Tmp dir root location: /tmp
[2025-10-04T17:03:52.339+0000] {subprocess.py:75} INFO - Running command: ['/usr/bin/bash', '-c', 'mkdir -p /root/airflow/data']
[2025-10-04T17:03:52.353+0000] {subprocess.py:86} INFO - Output:
[2025-10-04T17:03:52.355+0000] {subprocess.py:97} INFO - Command exited with return code 0
[2025-10-04T17:03:52.355+0000] {taskinstance.py:441} INFO - ::group::Post task execution logs
[2025-10-04T17:03:52.375+0000] {taskinstance.py:1205} INFO - Marking task as SUCCESS. dag_id=retail_mlops_data_pipeline, task_id=create_data_directory, execution_date=20251004T165650, start_date=20251004T170352, end_date=20251004T170352
[2025-10-04T17:03:52.436+0000] {local_task_job_runner.py:240} INFO - Task exited with return code 0
[2025-10-04T17:03:52.455+0000] {taskinstance.py:3482} INFO - 1 downstream tasks scheduled from follow-on schedule check
[2025-10-04T17:03:52.462+0000] {local_task_job_runner.py:222} INFO - ::endgroup::
