[2025-10-06T00:00:07.975+0000] {local_task_job_runner.py:120} INFO - ::group::Pre task execution logs
[2025-10-06T00:00:07.994+0000] {taskinstance.py:2073} INFO - Dependencies all met for dep_context=non-requeueable deps ti=<TaskInstance: retail_mlops_data_pipeline.download_raw_data_kaggle scheduled__2025-10-05T00:00:00+00:00 [queued]>
[2025-10-06T00:00:08.000+0000] {taskinstance.py:2073} INFO - Dependencies all met for dep_context=requeueable deps ti=<TaskInstance: retail_mlops_data_pipeline.download_raw_data_kaggle scheduled__2025-10-05T00:00:00+00:00 [queued]>
[2025-10-06T00:00:08.000+0000] {taskinstance.py:2303} INFO - Starting attempt 1 of 2
[2025-10-06T00:00:08.016+0000] {taskinstance.py:2327} INFO - Executing <Task(PythonOperator): download_raw_data_kaggle> on 2025-10-05 00:00:00+00:00
[2025-10-06T00:00:08.027+0000] {standard_task_runner.py:90} INFO - Running: ['airflow', 'tasks', 'run', 'retail_mlops_data_pipeline', 'download_raw_data_kaggle', 'scheduled__2025-10-05T00:00:00+00:00', '--job-id', '56', '--raw', '--subdir', 'DAGS_FOLDER/retail_mlops_data_pipeline.py', '--cfg-path', '/tmp/tmpioy8md6u']
[2025-10-06T00:00:08.029+0000] {standard_task_runner.py:91} INFO - Job 56: Subtask download_raw_data_kaggle
[2025-10-06T00:00:08.029+0000] {logging_mixin.py:188} WARNING - /root/airflow_venv/lib/python3.12/site-packages/airflow/task/task_runner/standard_task_runner.py:61 DeprecationWarning: This process (pid=75629) is multi-threaded, use of fork() may lead to deadlocks in the child.
[2025-10-06T00:00:08.030+0000] {standard_task_runner.py:63} INFO - Started process 75645 to run task
[2025-10-06T00:00:08.064+0000] {task_command.py:426} INFO - Running <TaskInstance: retail_mlops_data_pipeline.download_raw_data_kaggle scheduled__2025-10-05T00:00:00+00:00 [running]> on host ip-172-31-17-35.ec2.internal
[2025-10-06T00:00:08.125+0000] {taskinstance.py:2644} INFO - Exporting env vars: AIRFLOW_CTX_DAG_OWNER='airflow' AIRFLOW_CTX_DAG_ID='retail_mlops_data_pipeline' AIRFLOW_CTX_TASK_ID='download_raw_data_kaggle' AIRFLOW_CTX_EXECUTION_DATE='2025-10-05T00:00:00+00:00' AIRFLOW_CTX_TRY_NUMBER='1' AIRFLOW_CTX_DAG_RUN_ID='scheduled__2025-10-05T00:00:00+00:00'
[2025-10-06T00:00:08.126+0000] {taskinstance.py:430} INFO - ::endgroup::
[2025-10-06T00:00:08.137+0000] {logging_mixin.py:188} INFO - Starting automated download of mehmettahiraslan/customer-shopping-dataset...
[2025-10-06T00:00:09.114+0000] {logging_mixin.py:188} INFO - Successfully downloaded and unzipped data to /root/airflow/data
[2025-10-06T00:00:09.115+0000] {python.py:237} INFO - Done. Returned value was: None
[2025-10-06T00:00:09.115+0000] {taskinstance.py:441} INFO - ::group::Post task execution logs
[2025-10-06T00:00:09.119+0000] {taskinstance.py:1205} INFO - Marking task as SUCCESS. dag_id=retail_mlops_data_pipeline, task_id=download_raw_data_kaggle, execution_date=20251005T000000, start_date=20251006T000007, end_date=20251006T000009
[2025-10-06T00:00:09.171+0000] {local_task_job_runner.py:240} INFO - Task exited with return code 0
[2025-10-06T00:00:09.188+0000] {taskinstance.py:3482} INFO - 1 downstream tasks scheduled from follow-on schedule check
[2025-10-06T00:00:09.195+0000] {local_task_job_runner.py:222} INFO - ::endgroup::
