[2025-10-04T13:37:43.308+0000] {local_task_job_runner.py:120} INFO - ::group::Pre task execution logs
[2025-10-04T13:37:43.322+0000] {taskinstance.py:2073} INFO - Dependencies all met for dep_context=non-requeueable deps ti=<TaskInstance: retail_mlops_data_pipeline.create_data_directory manual__2025-10-04T13:35:29.651358+00:00 [queued]>
[2025-10-04T13:37:43.326+0000] {taskinstance.py:2073} INFO - Dependencies all met for dep_context=requeueable deps ti=<TaskInstance: retail_mlops_data_pipeline.create_data_directory manual__2025-10-04T13:35:29.651358+00:00 [queued]>
[2025-10-04T13:37:43.326+0000] {taskinstance.py:2303} INFO - Starting attempt 1 of 2
[2025-10-04T13:37:43.342+0000] {taskinstance.py:2327} INFO - Executing <Task(BashOperator): create_data_directory> on 2025-10-04 13:35:29.651358+00:00
[2025-10-04T13:37:43.349+0000] {standard_task_runner.py:63} INFO - Started process 3946 to run task
[2025-10-04T13:37:43.352+0000] {standard_task_runner.py:90} INFO - Running: ['airflow', 'tasks', 'run', 'retail_mlops_data_pipeline', 'create_data_directory', 'manual__2025-10-04T13:35:29.651358+00:00', '--job-id', '5', '--raw', '--subdir', 'DAGS_FOLDER/retail_mlops_data_pipeline.py', '--cfg-path', '/tmp/tmpdc29qoly']
[2025-10-04T13:37:43.352+0000] {standard_task_runner.py:91} INFO - Job 5: Subtask create_data_directory
[2025-10-04T13:37:43.387+0000] {task_command.py:426} INFO - Running <TaskInstance: retail_mlops_data_pipeline.create_data_directory manual__2025-10-04T13:35:29.651358+00:00 [running]> on host ip-172-31-17-35.ec2.internal
[2025-10-04T13:37:43.629+0000] {taskinstance.py:2644} INFO - Exporting env vars: AIRFLOW_CTX_DAG_OWNER='airflow' AIRFLOW_CTX_DAG_ID='retail_mlops_data_pipeline' AIRFLOW_CTX_TASK_ID='create_data_directory' AIRFLOW_CTX_EXECUTION_DATE='2025-10-04T13:35:29.651358+00:00' AIRFLOW_CTX_TRY_NUMBER='1' AIRFLOW_CTX_DAG_RUN_ID='manual__2025-10-04T13:35:29.651358+00:00'
[2025-10-04T13:37:43.630+0000] {taskinstance.py:430} INFO - ::endgroup::
[2025-10-04T13:37:43.631+0000] {subprocess.py:63} INFO - Tmp dir root location: /tmp
[2025-10-04T13:37:43.631+0000] {subprocess.py:75} INFO - Running command: ['/usr/bin/bash', '-c', 'mkdir -p /root/airflow/dags/data/processed']
[2025-10-04T13:37:43.643+0000] {subprocess.py:86} INFO - Output:
[2025-10-04T13:37:43.645+0000] {subprocess.py:97} INFO - Command exited with return code 0
[2025-10-04T13:37:43.646+0000] {taskinstance.py:441} INFO - ::group::Post task execution logs
[2025-10-04T13:37:43.666+0000] {taskinstance.py:1205} INFO - Marking task as SUCCESS. dag_id=retail_mlops_data_pipeline, task_id=create_data_directory, execution_date=20251004T133529, start_date=20251004T133743, end_date=20251004T133743
[2025-10-04T13:37:43.686+0000] {local_task_job_runner.py:240} INFO - Task exited with return code 0
[2025-10-04T13:37:43.701+0000] {taskinstance.py:3482} INFO - 1 downstream tasks scheduled from follow-on schedule check
[2025-10-04T13:37:43.710+0000] {local_task_job_runner.py:222} INFO - ::endgroup::
