[2025-10-04T13:37:39.638+0000] {local_task_job_runner.py:120} INFO - ::group::Pre task execution logs
[2025-10-04T13:37:39.652+0000] {taskinstance.py:2073} INFO - Dependencies all met for dep_context=non-requeueable deps ti=<TaskInstance: retail_mlops_data_pipeline.create_data_directory scheduled__2025-10-03T00:00:00+00:00 [queued]>
[2025-10-04T13:37:39.657+0000] {taskinstance.py:2073} INFO - Dependencies all met for dep_context=requeueable deps ti=<TaskInstance: retail_mlops_data_pipeline.create_data_directory scheduled__2025-10-03T00:00:00+00:00 [queued]>
[2025-10-04T13:37:39.657+0000] {taskinstance.py:2303} INFO - Starting attempt 1 of 2
[2025-10-04T13:37:39.675+0000] {taskinstance.py:2327} INFO - Executing <Task(BashOperator): create_data_directory> on 2025-10-03 00:00:00+00:00
[2025-10-04T13:37:39.683+0000] {standard_task_runner.py:63} INFO - Started process 3929 to run task
[2025-10-04T13:37:39.686+0000] {standard_task_runner.py:90} INFO - Running: ['airflow', 'tasks', 'run', 'retail_mlops_data_pipeline', 'create_data_directory', 'scheduled__2025-10-03T00:00:00+00:00', '--job-id', '4', '--raw', '--subdir', 'DAGS_FOLDER/retail_mlops_data_pipeline.py', '--cfg-path', '/tmp/tmpsrctqep0']
[2025-10-04T13:37:39.687+0000] {standard_task_runner.py:91} INFO - Job 4: Subtask create_data_directory
[2025-10-04T13:37:39.724+0000] {task_command.py:426} INFO - Running <TaskInstance: retail_mlops_data_pipeline.create_data_directory scheduled__2025-10-03T00:00:00+00:00 [running]> on host ip-172-31-17-35.ec2.internal
[2025-10-04T13:37:39.960+0000] {taskinstance.py:2644} INFO - Exporting env vars: AIRFLOW_CTX_DAG_OWNER='airflow' AIRFLOW_CTX_DAG_ID='retail_mlops_data_pipeline' AIRFLOW_CTX_TASK_ID='create_data_directory' AIRFLOW_CTX_EXECUTION_DATE='2025-10-03T00:00:00+00:00' AIRFLOW_CTX_TRY_NUMBER='1' AIRFLOW_CTX_DAG_RUN_ID='scheduled__2025-10-03T00:00:00+00:00'
[2025-10-04T13:37:39.961+0000] {taskinstance.py:430} INFO - ::endgroup::
[2025-10-04T13:37:39.961+0000] {subprocess.py:63} INFO - Tmp dir root location: /tmp
[2025-10-04T13:37:39.962+0000] {subprocess.py:75} INFO - Running command: ['/usr/bin/bash', '-c', 'mkdir -p /root/airflow/dags/data/processed']
[2025-10-04T13:37:39.974+0000] {subprocess.py:86} INFO - Output:
[2025-10-04T13:37:39.975+0000] {subprocess.py:97} INFO - Command exited with return code 0
[2025-10-04T13:37:39.975+0000] {taskinstance.py:441} INFO - ::group::Post task execution logs
[2025-10-04T13:37:39.994+0000] {taskinstance.py:1205} INFO - Marking task as SUCCESS. dag_id=retail_mlops_data_pipeline, task_id=create_data_directory, execution_date=20251003T000000, start_date=20251004T133739, end_date=20251004T133739
[2025-10-04T13:37:40.019+0000] {local_task_job_runner.py:240} INFO - Task exited with return code 0
[2025-10-04T13:37:40.036+0000] {taskinstance.py:3482} INFO - 1 downstream tasks scheduled from follow-on schedule check
[2025-10-04T13:37:40.043+0000] {local_task_job_runner.py:222} INFO - ::endgroup::
