[2025-10-06T00:00:04.547+0000] {local_task_job_runner.py:120} INFO - ::group::Pre task execution logs
[2025-10-06T00:00:04.569+0000] {taskinstance.py:2073} INFO - Dependencies all met for dep_context=non-requeueable deps ti=<TaskInstance: retail_mlops_data_pipeline.create_data_directory scheduled__2025-10-05T00:00:00+00:00 [queued]>
[2025-10-06T00:00:04.574+0000] {taskinstance.py:2073} INFO - Dependencies all met for dep_context=requeueable deps ti=<TaskInstance: retail_mlops_data_pipeline.create_data_directory scheduled__2025-10-05T00:00:00+00:00 [queued]>
[2025-10-06T00:00:04.574+0000] {taskinstance.py:2303} INFO - Starting attempt 1 of 2
[2025-10-06T00:00:04.588+0000] {taskinstance.py:2327} INFO - Executing <Task(BashOperator): create_data_directory> on 2025-10-05 00:00:00+00:00
[2025-10-06T00:00:04.600+0000] {standard_task_runner.py:90} INFO - Running: ['airflow', 'tasks', 'run', 'retail_mlops_data_pipeline', 'create_data_directory', 'scheduled__2025-10-05T00:00:00+00:00', '--job-id', '55', '--raw', '--subdir', 'DAGS_FOLDER/retail_mlops_data_pipeline.py', '--cfg-path', '/tmp/tmp6axzle64']
[2025-10-06T00:00:04.601+0000] {standard_task_runner.py:91} INFO - Job 55: Subtask create_data_directory
[2025-10-06T00:00:04.602+0000] {logging_mixin.py:188} WARNING - /root/airflow_venv/lib/python3.12/site-packages/airflow/task/task_runner/standard_task_runner.py:61 DeprecationWarning: This process (pid=75597) is multi-threaded, use of fork() may lead to deadlocks in the child.
[2025-10-06T00:00:04.603+0000] {standard_task_runner.py:63} INFO - Started process 75627 to run task
[2025-10-06T00:00:04.638+0000] {task_command.py:426} INFO - Running <TaskInstance: retail_mlops_data_pipeline.create_data_directory scheduled__2025-10-05T00:00:00+00:00 [running]> on host ip-172-31-17-35.ec2.internal
[2025-10-06T00:00:04.701+0000] {taskinstance.py:2644} INFO - Exporting env vars: AIRFLOW_CTX_DAG_OWNER='airflow' AIRFLOW_CTX_DAG_ID='retail_mlops_data_pipeline' AIRFLOW_CTX_TASK_ID='create_data_directory' AIRFLOW_CTX_EXECUTION_DATE='2025-10-05T00:00:00+00:00' AIRFLOW_CTX_TRY_NUMBER='1' AIRFLOW_CTX_DAG_RUN_ID='scheduled__2025-10-05T00:00:00+00:00'
[2025-10-06T00:00:04.702+0000] {taskinstance.py:430} INFO - ::endgroup::
[2025-10-06T00:00:04.713+0000] {subprocess.py:63} INFO - Tmp dir root location: /tmp
[2025-10-06T00:00:04.713+0000] {subprocess.py:75} INFO - Running command: ['/usr/bin/bash', '-c', 'mkdir -p /root/airflow/data']
[2025-10-06T00:00:04.727+0000] {subprocess.py:86} INFO - Output:
[2025-10-06T00:00:04.729+0000] {subprocess.py:97} INFO - Command exited with return code 0
[2025-10-06T00:00:04.730+0000] {taskinstance.py:441} INFO - ::group::Post task execution logs
[2025-10-06T00:00:04.748+0000] {taskinstance.py:1205} INFO - Marking task as SUCCESS. dag_id=retail_mlops_data_pipeline, task_id=create_data_directory, execution_date=20251005T000000, start_date=20251006T000004, end_date=20251006T000004
[2025-10-06T00:00:04.777+0000] {local_task_job_runner.py:240} INFO - Task exited with return code 0
[2025-10-06T00:00:04.794+0000] {taskinstance.py:3482} INFO - 1 downstream tasks scheduled from follow-on schedule check
[2025-10-06T00:00:04.802+0000] {local_task_job_runner.py:222} INFO - ::endgroup::
